Bags processed:   1%|          | 4/615 [03:45<8:52:16, 52.27s/it] 
Bags processed:   1%|          | 5/615 [04:23<7:58:11, 47.03s/it]
Bags processed:   1%|          | 6/615 [08:47<20:26:29, 120.84s/it]
Bags processed:   1%|          | 7/615 [09:17<15:23:25, 91.13s/it] 
Bags processed:   1%|▏         | 8/615 [11:17<16:55:00, 100.33s/it]
Bags processed:   1%|▏         | 9/615 [12:32<15:33:25, 92.42s/it] 
Bags processed:   2%|▏         | 10/615 [18:40<29:47:39, 177.29s/it]
Bags processed:   2%|▏         | 11/615 [19:14<22:23:26, 133.45s/it]
Bags processed:   2%|▏         | 12/615 [20:37<19:46:51, 118.10s/it]
Bags processed:   2%|▏         | 13/615 [21:10<15:28:24, 92.53s/it] 
Bags processed:   2%|▏         | 14/615 [21:53<12:55:35, 77.43s/it]
Bags processed:   2%|▏         | 15/615 [23:06<12:42:23, 76.24s/it]
Bags processed:   3%|▎         | 16/615 [26:45<19:48:11, 119.02s/it]
Bags processed:   3%|▎         | 17/615 [27:33<16:13:48, 97.71s/it] 
Bags processed:   3%|▎         | 18/615 [28:38<14:36:01, 88.04s/it]
Bags processed:   3%|▎         | 19/615 [29:10<11:45:13, 71.00s/it]
Bags processed:   3%|▎         | 20/615 [31:36<15:27:36, 93.54s/it]
Bags processed:   3%|▎         | 21/615 [33:25<16:14:19, 98.42s/it]
Bags processed:   4%|▎         | 22/615 [33:48<12:26:16, 75.51s/it]
Bags processed:   4%|▎         | 23/615 [36:24<16:25:51, 99.92s/it]
Bags processed:   4%|▍         | 24/615 [38:04<16:22:59, 99.80s/it]
Bags processed:   4%|▍         | 25/615 [39:40<16:09:37, 98.61s/it]
Bags processed:   4%|▍         | 26/615 [41:02<15:18:40, 93.58s/it]
Bags processed:   4%|▍         | 27/615 [42:26<14:51:21, 90.96s/it]
Bags processed:   5%|▍         | 28/615 [43:22<13:06:20, 80.38s/it]
Bags processed:   5%|▍         | 29/615 [43:31<9:34:42, 58.84s/it] 
Bags processed:   5%|▍         | 30/615 [43:48<7:31:14, 46.28s/it]
Bags processed:   5%|▌         | 31/615 [44:00<5:51:33, 36.12s/it]
Bags processed:   5%|▌         | 32/615 [44:43<6:09:55, 38.07s/it]
Bags processed:   5%|▌         | 33/615 [45:00<5:09:47, 31.94s/it]
Bags processed:   6%|▌         | 34/615 [45:12<4:10:43, 25.89s/it]
Bags processed:   6%|▌         | 35/615 [45:25<3:31:10, 21.85s/it]
Bags processed:   6%|▌         | 36/615 [46:14<4:50:21, 30.09s/it]
Bags processed:   6%|▌         | 37/615 [46:35<4:24:12, 27.43s/it]
Bags processed:   6%|▌         | 38/615 [47:38<6:05:05, 37.97s/it]
Bags processed:   6%|▋         | 39/615 [48:39<7:13:17, 45.13s/it]
Bags processed:   7%|▋         | 40/615 [48:57<5:54:03, 36.95s/it]
Bags processed:   7%|▋         | 41/615 [49:16<5:00:36, 31.42s/it]
Bags processed:   7%|▋         | 42/615 [50:24<6:45:24, 42.45s/it]
Bags processed:   7%|▋         | 43/615 [50:35<5:14:21, 32.98s/it]
Bags processed:   7%|▋         | 44/615 [51:13<5:28:05, 34.48s/it]
Bags processed:   7%|▋         | 45/615 [52:31<7:30:28, 47.42s/it]
Bags processed:   7%|▋         | 46/615 [53:02<6:43:34, 42.56s/it]
Bags processed:   8%|▊         | 47/615 [53:59<7:25:36, 47.07s/it]
Bags processed:   8%|▊         | 48/615 [54:10<5:42:51, 36.28s/it]
Bags processed:   8%|▊         | 49/615 [54:20<4:27:46, 28.39s/it]
Bags processed:   8%|▊         | 50/615 [55:07<5:19:46, 33.96s/it]
Bags processed:   8%|▊         | 51/615 [55:37<5:05:43, 32.52s/it]
Bags processed:   8%|▊         | 52/615 [56:28<5:57:56, 38.15s/it]
Bags processed:   9%|▊         | 53/615 [57:34<7:16:27, 46.60s/it]
Bags processed:   9%|▉         | 54/615 [58:09<6:42:05, 43.00s/it]
Bags processed:   9%|▉         | 55/615 [58:14<4:54:19, 31.53s/it]
Bags processed:   9%|▉         | 56/615 [58:51<5:09:43, 33.24s/it]
Bags processed:   9%|▉         | 57/615 [59:55<6:36:05, 42.59s/it]
Bags processed:   9%|▉         | 58/615 [1:00:10<5:17:10, 34.17s/it]
Bags processed:  10%|▉         | 59/615 [1:00:27<4:29:32, 29.09s/it]
Bags processed:  10%|▉         | 60/615 [1:01:18<5:30:48, 35.76s/it]
Bags processed:  10%|▉         | 61/615 [1:01:31<4:27:18, 28.95s/it]
Bags processed:  10%|█         | 62/615 [1:02:10<4:54:51, 31.99s/it]
Bags processed:  10%|█         | 63/615 [1:02:57<5:35:05, 36.42s/it]
Bags processed:  10%|█         | 64/615 [1:03:51<6:23:16, 41.74s/it]
Bags processed:  11%|█         | 65/615 [1:04:18<5:41:30, 37.26s/it]
Bags processed:  11%|█         | 66/615 [1:04:44<5:09:14, 33.80s/it]
Bags processed:  11%|█         | 67/615 [1:05:22<5:19:50, 35.02s/it]
Bags processed:  11%|█         | 68/615 [1:05:51<5:03:59, 33.34s/it]
Bags processed:  11%|█         | 69/615 [1:07:04<6:51:12, 45.19s/it]
Bags processed:  11%|█▏        | 70/615 [1:07:52<6:57:20, 45.95s/it]
Bags processed:  12%|█▏        | 71/615 [1:08:33<6:44:35, 44.62s/it]
Bags processed:  12%|█▏        | 72/615 [1:08:51<5:30:52, 36.56s/it]
Bags processed:  12%|█▏        | 73/615 [1:09:22<5:15:42, 34.95s/it]
Bags processed:  12%|█▏        | 74/615 [1:09:45<4:43:49, 31.48s/it]
Bags processed:  12%|█▏        | 75/615 [1:10:45<5:59:03, 39.90s/it]
Bags processed:  12%|█▏        | 76/615 [1:11:12<5:23:53, 36.05s/it]
Bags processed:  13%|█▎        | 77/615 [1:11:38<4:55:16, 32.93s/it]
Bags processed:  13%|█▎        | 78/615 [1:11:58<4:21:34, 29.23s/it]
Bags processed:  13%|█▎        | 79/615 [1:14:21<9:24:42, 63.21s/it]
Bags processed:  13%|█▎        | 80/615 [1:15:04<8:29:37, 57.15s/it]
Bags processed:  13%|█▎        | 81/615 [1:15:41<7:33:58, 51.01s/it]
Bags processed:  13%|█▎        | 82/615 [1:16:27<7:20:05, 49.54s/it]
Bags processed:  13%|█▎        | 83/615 [1:17:18<7:22:53, 49.95s/it]
Bags processed:  14%|█▎        | 84/615 [1:18:09<7:25:21, 50.32s/it]
Bags processed:  14%|█▍        | 85/615 [1:19:06<7:43:02, 52.42s/it]
Bags processed:  14%|█▍        | 86/615 [1:19:21<6:04:17, 41.32s/it]
Bags processed:  14%|█▍        | 87/615 [1:19:50<5:30:05, 37.51s/it]
Bags processed:  14%|█▍        | 88/615 [1:20:25<5:21:15, 36.58s/it]
Bags processed:  14%|█▍        | 89/615 [1:20:53<4:59:50, 34.20s/it]
Bags processed:  15%|█▍        | 90/615 [1:22:26<7:32:04, 51.67s/it]
Bags processed:  15%|█▍        | 91/615 [1:23:38<8:25:00, 57.83s/it]
Bags processed:  15%|█▍        | 92/615 [1:24:41<8:36:50, 59.29s/it]
Bags processed:  15%|█▌        | 93/615 [1:25:28<8:05:46, 55.84s/it]
Bags processed:  15%|█▌        | 94/615 [1:26:50<9:13:26, 63.74s/it]
Bags processed:  15%|█▌        | 95/615 [1:27:40<8:36:11, 59.56s/it]
Bags processed:  16%|█▌        | 96/615 [1:27:53<6:34:26, 45.60s/it]
Bags processed:  16%|█▌        | 97/615 [1:28:07<5:10:31, 35.97s/it]
Bags processed:  16%|█▌        | 98/615 [1:28:49<5:25:04, 37.73s/it]
Bags processed:  16%|█▌        | 99/615 [1:30:14<7:26:20, 51.90s/it]
Bags processed:  16%|█▋        | 100/615 [1:32:29<10:59:27, 76.83s/it]
Bags processed:  16%|█▋        | 101/615 [1:34:00<11:35:49, 81.22s/it]
Bags processed:  17%|█▋        | 102/615 [1:35:03<10:46:26, 75.61s/it]
Bags processed:  17%|█▋        | 103/615 [1:35:33<8:49:17, 62.03s/it] 
Bags processed:  17%|█▋        | 104/615 [1:35:44<6:38:53, 46.84s/it]
Bags processed:  17%|█▋        | 105/615 [1:36:13<5:50:55, 41.29s/it]
Bags processed:  17%|█▋        | 106/615 [1:36:19<4:21:37, 30.84s/it]
Bags processed:  17%|█▋        | 107/615 [1:36:34<3:41:37, 26.18s/it]
Bags processed:  18%|█▊        | 108/615 [1:37:13<4:12:03, 29.83s/it]
Bags processed:  18%|█▊        | 109/615 [1:38:05<5:07:20, 36.44s/it]
Bags processed:  18%|█▊        | 110/615 [1:38:52<5:35:21, 39.84s/it]
Bags processed:  18%|█▊        | 111/615 [1:39:43<6:02:20, 43.14s/it]
Bags processed:  18%|█▊        | 112/615 [1:39:58<4:51:21, 34.75s/it]
Bags processed:  18%|█▊        | 113/615 [1:40:19<4:16:22, 30.64s/it]
Bags processed:  19%|█▊        | 114/615 [1:40:58<4:35:07, 32.95s/it]
Bags processed:  19%|█▊        | 115/615 [1:41:27<4:25:51, 31.90s/it]
Bags processed:  19%|█▉        | 116/615 [1:42:22<5:21:34, 38.67s/it]
Bags processed:  19%|█▉        | 117/615 [1:42:27<3:56:53, 28.54s/it]
Bags processed:  19%|█▉        | 118/615 [1:42:36<3:08:07, 22.71s/it]
Bags processed:  19%|█▉        | 119/615 [1:42:48<2:42:35, 19.67s/it]
Bags processed:  20%|█▉        | 120/615 [1:43:14<2:58:14, 21.60s/it]
Bags processed:  20%|█▉        | 121/615 [1:43:49<3:30:01, 25.51s/it]
Bags processed:  20%|█▉        | 122/615 [1:44:05<3:05:07, 22.53s/it]
Bags processed:  20%|██        | 123/615 [1:44:17<2:39:40, 19.47s/it]
Bags processed:  20%|██        | 124/615 [1:44:32<2:28:23, 18.13s/it]
Bags processed:  20%|██        | 125/615 [1:44:57<2:43:47, 20.06s/it]
Bags processed:  20%|██        | 126/615 [1:46:06<4:44:16, 34.88s/it]
Bags processed:  21%|██        | 127/615 [1:46:58<5:26:40, 40.16s/it]
Bags processed:  21%|██        | 128/615 [1:48:07<6:33:56, 48.53s/it]
Bags processed:  21%|██        | 129/615 [1:49:59<9:08:52, 67.76s/it]
Bags processed:  21%|██        | 130/615 [1:50:18<7:09:01, 53.08s/it]
Bags processed:  21%|██▏       | 131/615 [1:51:26<7:44:50, 57.63s/it]
Bags processed:  21%|██▏       | 132/615 [1:51:48<6:16:35, 46.78s/it]
Bags processed:  22%|██▏       | 133/615 [1:51:59<4:51:30, 36.29s/it]
Bags processed:  22%|██▏       | 134/615 [1:52:19<4:10:49, 31.29s/it]
Bags processed:  22%|██▏       | 135/615 [1:52:45<3:58:06, 29.76s/it]
Bags processed:  22%|██▏       | 136/615 [1:52:56<3:12:30, 24.11s/it]
Bags processed:  22%|██▏       | 137/615 [1:53:20<3:10:17, 23.89s/it]
Bags processed:  22%|██▏       | 138/615 [1:53:25<2:26:09, 18.38s/it]
Bags processed:  23%|██▎       | 139/615 [1:54:02<3:10:04, 23.96s/it]
Bags processed:  23%|██▎       | 140/615 [1:54:26<3:09:31, 23.94s/it]
Bags processed:  23%|██▎       | 141/615 [1:54:50<3:09:30, 23.99s/it]
Bags processed:  23%|██▎       | 142/615 [1:55:08<2:54:46, 22.17s/it]
Bags processed:  23%|██▎       | 143/615 [1:55:33<3:00:42, 22.97s/it]
Bags processed:  23%|██▎       | 144/615 [1:55:41<2:24:59, 18.47s/it]
Bags processed:  24%|██▎       | 145/615 [1:55:56<2:16:07, 17.38s/it]
Bags processed:  24%|██▎       | 146/615 [1:56:20<2:32:23, 19.49s/it]
Bags processed:  24%|██▍       | 147/615 [1:56:43<2:40:16, 20.55s/it]
Bags processed:  24%|██▍       | 148/615 [1:58:21<5:41:33, 43.88s/it]
Bags processed:  24%|██▍       | 149/615 [1:58:29<4:16:48, 33.07s/it]
Bags processed:  24%|██▍       | 150/615 [1:58:43<3:31:37, 27.31s/it]
Bags processed:  25%|██▍       | 151/615 [1:59:10<3:29:44, 27.12s/it]
Bags processed:  25%|██▍       | 152/615 [1:59:39<3:32:51, 27.58s/it]
Bags processed:  25%|██▍       | 153/615 [1:59:47<2:47:50, 21.80s/it]
Bags processed:  25%|██▌       | 154/615 [2:00:36<3:51:02, 30.07s/it]
Bags processed:  25%|██▌       | 155/615 [2:01:16<4:13:11, 33.03s/it]
Bags processed:  25%|██▌       | 156/615 [2:01:57<4:30:46, 35.40s/it]
Bags processed:  26%|██▌       | 157/615 [2:02:12<3:43:07, 29.23s/it]
Bags processed:  26%|██▌       | 158/615 [2:02:23<3:01:45, 23.86s/it]
Bags processed:  26%|██▌       | 159/615 [2:02:43<2:53:05, 22.77s/it]
Bags processed:  26%|██▌       | 160/615 [2:03:08<2:56:15, 23.24s/it]
Bags processed:  26%|██▌       | 161/615 [2:03:26<2:43:48, 21.65s/it]
Bags processed:  26%|██▋       | 162/615 [2:03:50<2:49:39, 22.47s/it]
Bags processed:  27%|██▋       | 163/615 [2:03:56<2:12:02, 17.53s/it]
Bags processed:  27%|██▋       | 164/615 [2:04:25<2:37:17, 20.93s/it]
Bags processed:  27%|██▋       | 165/615 [2:04:32<2:05:03, 16.67s/it]
Bags processed:  27%|██▋       | 166/615 [2:04:51<2:11:25, 17.56s/it]
Bags processed:  27%|██▋       | 167/615 [2:05:34<3:06:40, 25.00s/it]
Bags processed:  27%|██▋       | 168/615 [2:05:52<2:50:53, 22.94s/it]
Bags processed:  27%|██▋       | 169/615 [2:06:20<3:01:33, 24.43s/it]
Bags processed:  28%|██▊       | 170/615 [2:06:24<2:17:28, 18.54s/it]
Bags processed:  28%|██▊       | 171/615 [2:06:40<2:11:12, 17.73s/it]
Bags processed:  28%|██▊       | 172/615 [2:07:06<2:28:55, 20.17s/it]
Bags processed:  28%|██▊       | 173/615 [2:07:17<2:08:09, 17.40s/it]
Bags processed:  28%|██▊       | 174/615 [2:07:29<1:55:41, 15.74s/it]
Bags processed:  28%|██▊       | 175/615 [2:08:10<2:50:45, 23.29s/it]
Bags processed:  29%|██▊       | 176/615 [2:08:29<2:41:11, 22.03s/it]
Bags processed:  29%|██▉       | 177/615 [2:08:52<2:43:11, 22.35s/it]
Bags processed:  29%|██▉       | 178/615 [2:09:21<2:57:22, 24.35s/it]
Bags processed:  29%|██▉       | 179/615 [2:09:51<3:08:51, 25.99s/it]
Bags processed:  29%|██▉       | 180/615 [2:10:20<3:15:47, 27.01s/it]
Bags processed:  29%|██▉       | 181/615 [2:10:56<3:34:25, 29.64s/it]
Bags processed:  30%|██▉       | 182/615 [2:11:22<3:26:16, 28.58s/it]
Bags processed:  30%|██▉       | 183/615 [2:11:44<3:10:58, 26.52s/it]
Bags processed:  30%|██▉       | 184/615 [2:12:06<3:01:57, 25.33s/it]
Bags processed:  30%|███       | 185/615 [2:12:34<3:06:18, 26.00s/it]
Bags processed:  30%|███       | 186/615 [2:12:54<2:52:55, 24.19s/it]
Bags processed:  30%|███       | 187/615 [2:13:48<3:56:10, 33.11s/it]
Bags processed:  31%|███       | 188/615 [2:14:07<3:25:55, 28.93s/it]
Bags processed:  31%|███       | 189/615 [2:14:30<3:11:31, 26.98s/it]
Bags processed:  31%|███       | 190/615 [2:15:12<3:43:07, 31.50s/it]
Bags processed:  31%|███       | 191/615 [2:15:48<3:53:38, 33.06s/it]
Bags processed:  31%|███       | 192/615 [2:16:15<3:39:36, 31.15s/it]
Bags processed:  31%|███▏      | 193/615 [2:16:40<3:27:05, 29.44s/it]
Bags processed:  32%|███▏      | 194/615 [2:16:58<3:01:13, 25.83s/it]
Bags processed:  32%|███▏      | 195/615 [2:17:39<3:33:54, 30.56s/it]
Bags processed:  32%|███▏      | 196/615 [2:18:30<4:15:52, 36.64s/it]
Bags processed:  32%|███▏      | 197/615 [2:18:57<3:54:47, 33.70s/it]
Bags processed:  32%|███▏      | 198/615 [2:19:53<4:40:15, 40.32s/it]
Bags processed:  32%|███▏      | 199/615 [2:20:11<3:52:58, 33.60s/it]
Bags processed:  33%|███▎      | 200/615 [2:20:56<4:16:03, 37.02s/it]
Bags processed:  33%|███▎      | 201/615 [2:21:01<3:09:21, 27.44s/it]
Bags processed:  33%|███▎      | 202/615 [2:21:20<2:52:12, 25.02s/it]
Bags processed:  33%|███▎      | 203/615 [2:22:03<3:28:53, 30.42s/it]
Bags processed:  33%|███▎      | 204/615 [2:23:33<5:30:18, 48.22s/it]
Bags processed:  33%|███▎      | 205/615 [2:24:22<5:30:29, 48.36s/it]
Bags processed:  33%|███▎      | 206/615 [2:24:46<4:40:50, 41.20s/it]
Bags processed:  34%|███▎      | 207/615 [2:25:04<3:52:09, 34.14s/it]
Bags processed:  34%|███▍      | 208/615 [2:25:36<3:47:21, 33.52s/it]
Bags processed:  34%|███▍      | 209/615 [2:25:59<3:25:41, 30.40s/it]
Bags processed:  34%|███▍      | 210/615 [2:26:32<3:29:58, 31.11s/it]
Bags processed:  34%|███▍      | 211/615 [2:26:43<2:49:45, 25.21s/it]
Bags processed:  34%|███▍      | 212/615 [2:27:36<3:44:25, 33.41s/it]
Bags processed:  35%|███▍      | 213/615 [2:28:42<4:49:31, 43.21s/it]
Bags processed:  35%|███▍      | 214/615 [2:28:56<3:49:45, 34.38s/it]
Bags processed:  35%|███▍      | 215/615 [2:29:50<4:29:17, 40.39s/it]
Bags processed:  35%|███▌      | 216/615 [2:31:01<5:29:21, 49.53s/it]
Bags processed:  35%|███▌      | 217/615 [2:31:44<5:15:36, 47.58s/it]
Bags processed:  35%|███▌      | 218/615 [2:32:02<4:15:58, 38.69s/it]
Bags processed:  36%|███▌      | 219/615 [2:32:50<4:34:07, 41.53s/it]
Bags processed:  36%|███▌      | 220/615 [2:33:29<4:28:26, 40.78s/it]
Bags processed:  36%|███▌      | 221/615 [2:33:53<3:54:33, 35.72s/it]
Bags processed:  36%|███▌      | 222/615 [2:34:29<3:54:29, 35.80s/it]
Bags processed:  36%|███▋      | 223/615 [2:34:55<3:35:06, 32.93s/it]
Bags processed:  36%|███▋      | 224/615 [2:36:42<5:59:39, 55.19s/it]
Bags processed:  37%|███▋      | 225/615 [2:37:18<5:20:40, 49.34s/it]
Bags processed:  37%|███▋      | 226/615 [2:38:16<5:35:49, 51.80s/it]
Bags processed:  37%|███▋      | 227/615 [2:38:52<5:04:13, 47.04s/it]
Bags processed:  37%|███▋      | 228/615 [2:39:18<4:24:14, 40.97s/it]
Bags processed:  37%|███▋      | 229/615 [2:40:01<4:26:52, 41.48s/it]
Bags processed:  37%|███▋      | 230/615 [2:40:49<4:38:44, 43.44s/it]
Bags processed:  38%|███▊      | 231/615 [2:41:17<4:07:30, 38.67s/it]
Bags processed:  38%|███▊      | 232/615 [2:42:13<4:41:19, 44.07s/it]
Bags processed:  38%|███▊      | 233/615 [2:42:34<3:55:33, 37.00s/it]
Bags processed:  38%|███▊      | 234/615 [2:42:41<2:58:31, 28.11s/it]
Bags processed:  38%|███▊      | 235/615 [2:42:45<2:12:51, 20.98s/it]
Bags processed:  38%|███▊      | 236/615 [2:43:45<3:25:16, 32.50s/it]
Bags processed:  39%|███▊      | 237/615 [2:44:08<3:07:21, 29.74s/it]
Bags processed:  39%|███▊      | 238/615 [2:44:16<2:25:40, 23.19s/it]
Bags processed:  39%|███▉      | 239/615 [2:44:42<2:30:14, 23.98s/it]
Bags processed:  39%|███▉      | 240/615 [2:45:18<2:52:04, 27.53s/it]
Bags processed:  39%|███▉      | 241/615 [2:45:46<2:53:08, 27.78s/it]
Bags processed:  39%|███▉      | 242/615 [2:45:50<2:08:19, 20.64s/it]
Bags processed:  40%|███▉      | 243/615 [2:46:35<2:52:49, 27.87s/it]
Bags processed:  40%|███▉      | 244/615 [2:47:10<3:06:48, 30.21s/it]
Bags processed:  40%|███▉      | 245/615 [2:47:38<3:01:46, 29.48s/it]
Bags processed:  40%|████      | 246/615 [2:48:38<3:56:32, 38.46s/it]
Bags processed:  40%|████      | 247/615 [2:48:54<3:15:38, 31.90s/it]
Bags processed:  40%|████      | 248/615 [2:49:06<2:37:58, 25.83s/it]
Bags processed:  40%|████      | 249/615 [2:49:29<2:33:07, 25.10s/it]
Bags processed:  41%|████      | 250/615 [2:50:04<2:49:54, 27.93s/it]
Bags processed:  41%|████      | 251/615 [2:50:42<3:08:40, 31.10s/it]
Bags processed:  41%|████      | 252/615 [2:51:04<2:51:19, 28.32s/it]
Bags processed:  41%|████      | 253/615 [2:52:04<3:47:34, 37.72s/it]
Bags processed:  41%|████▏     | 254/615 [2:52:22<3:11:59, 31.91s/it]
Bags processed:  41%|████▏     | 255/615 [2:52:44<2:52:53, 28.82s/it]
Bags processed:  42%|████▏     | 256/615 [2:53:02<2:33:02, 25.58s/it]
Bags processed:  42%|████▏     | 257/615 [2:53:23<2:25:10, 24.33s/it]
Bags processed:  42%|████▏     | 258/615 [2:53:59<2:44:46, 27.69s/it]
Bags processed:  42%|████▏     | 259/615 [2:54:22<2:37:10, 26.49s/it]
Bags processed:  42%|████▏     | 260/615 [2:54:50<2:38:52, 26.85s/it]
Bags processed:  42%|████▏     | 261/615 [2:55:36<3:11:17, 32.42s/it]
Bags processed:  43%|████▎     | 262/615 [2:56:08<3:10:39, 32.41s/it]
Bags processed:  43%|████▎     | 263/615 [2:56:54<3:34:37, 36.58s/it]
Bags processed:  43%|████▎     | 264/615 [2:57:04<2:47:46, 28.68s/it]
Bags processed:  43%|████▎     | 265/615 [2:57:26<2:34:26, 26.48s/it]
Bags processed:  43%|████▎     | 266/615 [2:58:13<3:10:10, 32.69s/it]
Bags processed:  43%|████▎     | 267/615 [2:58:16<2:17:24, 23.69s/it]
Bags processed:  44%|████▎     | 268/615 [2:59:09<3:09:09, 32.71s/it]
Bags processed:  44%|████▎     | 269/615 [2:59:23<2:35:03, 26.89s/it]
Bags processed:  44%|████▍     | 270/615 [3:00:21<3:28:31, 36.27s/it]
Bags processed:  44%|████▍     | 271/615 [3:00:44<3:05:09, 32.30s/it]
Bags processed:  44%|████▍     | 272/615 [3:01:18<3:08:15, 32.93s/it]
Bags processed:  44%|████▍     | 273/615 [3:02:24<4:02:52, 42.61s/it]
Bags processed:  45%|████▍     | 274/615 [3:02:57<3:46:26, 39.84s/it]
Bags processed:  45%|████▍     | 275/615 [3:03:42<3:54:14, 41.34s/it]
Bags processed:  45%|████▍     | 276/615 [3:03:49<2:56:17, 31.20s/it]
Bags processed:  45%|████▌     | 277/615 [3:05:33<4:57:49, 52.87s/it]
Bags processed:  45%|████▌     | 278/615 [3:05:42<3:43:11, 39.74s/it]
Bags processed:  46%|████▌     | 280/615 [3:05:42<1:59:38, 21.43s/it]
Bags processed:  46%|████▌     | 281/615 [3:05:42<1:30:19, 16.23s/it]
Bags processed:  46%|████▌     | 282/615 [3:06:09<1:44:41, 18.86s/it]
Bags processed:  46%|████▌     | 283/615 [3:06:16<1:26:33, 15.64s/it]
Bags processed:  46%|████▋     | 285/615 [3:06:16<48:33,  8.83s/it]  
Bags processed:  47%|████▋     | 286/615 [3:06:25<48:54,  8.92s/it]
Bags processed:  47%|████▋     | 287/615 [3:06:33<47:55,  8.77s/it]
Bags processed:  47%|████▋     | 288/615 [3:07:51<2:27:20, 27.04s/it]
Bags processed:  47%|████▋     | 289/615 [3:09:12<3:48:24, 42.04s/it]
Bags processed:  47%|████▋     | 290/615 [3:10:28<4:39:14, 51.55s/it]
Bags processed:  47%|████▋     | 291/615 [3:10:35<3:29:32, 38.80s/it]
Bags processed:  47%|████▋     | 292/615 [3:10:44<2:41:53, 30.07s/it]
Bags processed:  48%|████▊     | 293/615 [3:11:09<2:33:02, 28.52s/it]
Bags processed:  48%|████▊     | 294/615 [3:11:23<2:09:29, 24.20s/it]
Bags processed:  48%|████▊     | 295/615 [3:11:23<1:30:57, 17.05s/it]
Bags processed:  48%|████▊     | 297/615 [3:12:56<2:41:50, 30.53s/it]
Bags processed:  48%|████▊     | 298/615 [3:14:13<3:42:39, 42.14s/it]
Bags processed:  49%|████▊     | 299/615 [3:14:55<3:41:17, 42.02s/it]
Bags processed:  49%|████▉     | 300/615 [3:15:49<3:57:20, 45.21s/it]
Bags processed:  49%|████▉     | 301/615 [3:16:11<3:23:17, 38.84s/it]
Bags processed:  49%|████▉     | 302/615 [3:16:31<2:53:58, 33.35s/it]
Bags processed:  49%|████▉     | 303/615 [3:17:03<2:51:12, 32.92s/it]
Bags processed:  49%|████▉     | 304/615 [3:17:33<2:46:32, 32.13s/it]
Bags processed:  50%|████▉     | 305/615 [3:17:42<2:11:44, 25.50s/it]
Bags processed:  50%|████▉     | 306/615 [3:18:10<2:14:56, 26.20s/it]
Bags processed:  50%|████▉     | 307/615 [3:18:54<2:40:29, 31.26s/it]
Bags processed:  50%|█████     | 308/615 [3:19:16<2:26:20, 28.60s/it]
Bags processed:  50%|█████     | 309/615 [3:20:18<3:17:23, 38.71s/it]
Bags processed:  50%|█████     | 310/615 [3:20:50<3:06:01, 36.60s/it]
Bags processed:  51%|█████     | 311/615 [3:21:24<3:00:51, 35.69s/it]
Bags processed:  51%|█████     | 312/615 [3:21:40<2:30:51, 29.87s/it]
Bags processed:  51%|█████     | 313/615 [3:22:52<3:34:39, 42.65s/it]
Bags processed:  51%|█████     | 314/615 [3:23:25<3:19:23, 39.75s/it]
Bags processed:  51%|█████     | 315/615 [3:23:55<3:03:13, 36.65s/it]
Bags processed:  51%|█████▏    | 316/615 [3:24:14<2:36:53, 31.48s/it]
Bags processed:  52%|█████▏    | 317/615 [3:24:46<2:36:28, 31.50s/it]
Bags processed:  52%|█████▏    | 318/615 [3:24:53<2:00:00, 24.24s/it]
Bags processed:  52%|█████▏    | 319/615 [3:25:15<1:55:34, 23.43s/it]
Bags processed:  52%|█████▏    | 320/615 [3:25:53<2:18:00, 28.07s/it]
Bags processed:  52%|█████▏    | 321/615 [3:26:32<2:33:17, 31.28s/it]
Bags processed:  52%|█████▏    | 322/615 [3:26:55<2:20:55, 28.86s/it]
Bags processed:  53%|█████▎    | 323/615 [3:27:05<1:52:15, 23.07s/it]
Bags processed:  53%|█████▎    | 324/615 [3:27:26<1:48:54, 22.45s/it]
Bags processed:  53%|█████▎    | 325/615 [3:28:05<2:12:08, 27.34s/it]
Bags processed:  53%|█████▎    | 326/615 [3:28:37<2:18:43, 28.80s/it]
Bags processed:  53%|█████▎    | 327/615 [3:29:20<2:39:22, 33.20s/it]
Bags processed:  53%|█████▎    | 328/615 [3:30:10<3:02:41, 38.19s/it]
Bags processed:  53%|█████▎    | 329/615 [3:30:40<2:49:50, 35.63s/it]
Bags processed:  54%|█████▎    | 330/615 [3:31:22<2:58:46, 37.64s/it]
Bags processed:  54%|█████▍    | 331/615 [3:31:39<2:28:43, 31.42s/it]
Bags processed:  54%|█████▍    | 332/615 [3:31:49<1:57:10, 24.84s/it]
Bags processed:  54%|█████▍    | 333/615 [3:32:00<1:37:41, 20.78s/it]
Bags processed:  54%|█████▍    | 334/615 [3:32:17<1:31:29, 19.54s/it]
Bags processed:  54%|█████▍    | 335/615 [3:32:26<1:17:34, 16.62s/it]
Bags processed:  55%|█████▍    | 336/615 [3:32:49<1:26:01, 18.50s/it]
Bags processed:  55%|█████▍    | 337/615 [3:33:26<1:51:32, 24.07s/it]
Bags processed:  55%|█████▍    | 338/615 [3:34:02<2:07:04, 27.52s/it]
Bags processed:  55%|█████▌    | 339/615 [3:35:00<2:49:01, 36.75s/it]
Bags processed:  55%|█████▌    | 340/615 [3:35:22<2:28:24, 32.38s/it]
Bags processed:  55%|█████▌    | 341/615 [3:35:42<2:10:58, 28.68s/it]
Bags processed:  56%|█████▌    | 342/615 [3:36:06<2:03:24, 27.12s/it]
Bags processed:  56%|█████▌    | 343/615 [3:37:03<2:43:29, 36.06s/it]
Bags processed:  56%|█████▌    | 344/615 [3:37:37<2:40:58, 35.64s/it]
Bags processed:  56%|█████▌    | 345/615 [3:37:52<2:11:28, 29.22s/it]
Bags processed:  56%|█████▋    | 346/615 [3:38:05<1:49:14, 24.37s/it]
Bags processed:  56%|█████▋    | 347/615 [3:38:41<2:04:23, 27.85s/it]
Bags processed:  57%|█████▋    | 348/615 [3:39:35<2:39:24, 35.82s/it]
Bags processed:  57%|█████▋    | 349/615 [3:40:35<3:10:45, 43.03s/it]
Bags processed:  57%|█████▋    | 350/615 [3:40:59<2:45:03, 37.37s/it]
Bags processed:  57%|█████▋    | 351/615 [3:41:11<2:10:20, 29.62s/it]
Bags processed:  57%|█████▋    | 352/615 [3:41:41<2:10:16, 29.72s/it]
Bags processed:  57%|█████▋    | 353/615 [3:42:23<2:26:51, 33.63s/it]
Bags processed:  58%|█████▊    | 354/615 [3:42:58<2:27:45, 33.97s/it]
Bags processed:  58%|█████▊    | 355/615 [3:43:48<2:47:55, 38.75s/it]
Bags processed:  58%|█████▊    | 356/615 [3:44:25<2:44:37, 38.14s/it]
Bags processed:  58%|█████▊    | 357/615 [3:45:06<2:47:40, 38.99s/it]
Bags processed:  58%|█████▊    | 358/615 [3:45:39<2:39:54, 37.33s/it]
Bags processed:  58%|█████▊    | 359/615 [3:46:06<2:25:10, 34.03s/it]
Bags processed:  59%|█████▊    | 360/615 [3:46:44<2:30:03, 35.31s/it]
Bags processed:  59%|█████▊    | 361/615 [3:47:56<3:16:29, 46.41s/it]
Bags processed:  59%|█████▉    | 362/615 [3:48:16<2:42:16, 38.49s/it]
Bags processed:  59%|█████▉    | 363/615 [3:48:47<2:32:17, 36.26s/it]
Bags processed:  59%|█████▉    | 364/615 [3:49:21<2:28:50, 35.58s/it]
Bags processed:  59%|█████▉    | 365/615 [3:49:51<2:21:25, 33.94s/it]
Bags processed:  60%|█████▉    | 366/615 [3:51:15<3:22:23, 48.77s/it]
Bags processed:  60%|█████▉    | 367/615 [3:53:30<5:08:41, 74.69s/it]
Bags processed:  60%|█████▉    | 368/615 [3:55:00<5:26:57, 79.42s/it]
Bags processed:  60%|██████    | 369/615 [3:56:01<5:02:20, 73.74s/it]
Bags processed:  60%|██████    | 370/615 [3:56:17<3:51:06, 56.60s/it]
Bags processed:  60%|██████    | 371/615 [3:56:55<3:26:28, 50.77s/it]
Bags processed:  60%|██████    | 372/615 [3:57:32<3:09:45, 46.85s/it]
Bags processed:  61%|██████    | 373/615 [3:57:54<2:39:00, 39.42s/it]
Bags processed:  61%|██████    | 374/615 [3:58:08<2:07:44, 31.80s/it]
Bags processed:  61%|██████    | 375/615 [3:58:52<2:21:19, 35.33s/it]
Bags processed:  61%|██████    | 376/615 [3:59:34<2:28:26, 37.26s/it]
Bags processed:  61%|██████▏   | 377/615 [3:59:55<2:08:58, 32.51s/it]
Bags processed:  61%|██████▏   | 378/615 [4:00:14<1:52:28, 28.48s/it]
Bags processed:  62%|██████▏   | 379/615 [4:00:34<1:42:06, 25.96s/it]
Bags processed:  62%|██████▏   | 380/615 [4:01:09<1:52:01, 28.60s/it]
Bags processed:  62%|██████▏   | 381/615 [4:01:22<1:32:46, 23.79s/it]
Bags processed:  62%|██████▏   | 382/615 [4:01:36<1:21:45, 21.05s/it]
Bags processed:  62%|██████▏   | 383/615 [4:01:52<1:15:00, 19.40s/it]
Bags processed:  62%|██████▏   | 384/615 [4:02:05<1:07:12, 17.46s/it]
Bags processed:  63%|██████▎   | 385/615 [4:02:21<1:05:57, 17.21s/it]
Bags processed:  63%|██████▎   | 386/615 [4:02:35<1:01:28, 16.11s/it]
Bags processed:  63%|██████▎   | 387/615 [4:02:58<1:08:36, 18.05s/it]
Bags processed:  63%|██████▎   | 388/615 [4:03:15<1:08:09, 18.02s/it]
Bags processed:  63%|██████▎   | 389/615 [4:03:48<1:24:20, 22.39s/it]
Bags processed:  63%|██████▎   | 390/615 [4:04:23<1:37:32, 26.01s/it]
Bags processed:  64%|██████▎   | 391/615 [4:05:01<1:51:02, 29.74s/it]
Bags processed:  64%|██████▎   | 392/615 [4:05:34<1:53:55, 30.65s/it]
Bags processed:  64%|██████▍   | 393/615 [4:06:02<1:50:21, 29.83s/it]
Bags processed:  64%|██████▍   | 394/615 [4:06:09<1:24:29, 22.94s/it]
Bags processed:  64%|██████▍   | 395/615 [4:06:29<1:21:09, 22.13s/it]
Bags processed:  64%|██████▍   | 396/615 [4:06:47<1:16:35, 20.98s/it]
Bags processed:  65%|██████▍   | 397/615 [4:07:04<1:12:11, 19.87s/it]
Bags processed:  65%|██████▍   | 398/615 [4:07:42<1:31:18, 25.25s/it]
Bags processed:  65%|██████▍   | 399/615 [4:08:09<1:32:21, 25.66s/it]
Bags processed:  65%|██████▌   | 400/615 [4:08:31<1:28:34, 24.72s/it]
Bags processed:  65%|██████▌   | 401/615 [4:08:48<1:19:48, 22.38s/it]
Bags processed:  65%|██████▌   | 402/615 [4:09:26<1:35:41, 26.96s/it]
Bags processed:  66%|██████▌   | 403/615 [4:09:39<1:20:24, 22.76s/it]
Bags processed:  66%|██████▌   | 404/615 [4:10:00<1:18:08, 22.22s/it]
Bags processed:  66%|██████▌   | 405/615 [4:10:20<1:15:34, 21.59s/it]
Bags processed:  66%|██████▌   | 406/615 [4:10:47<1:20:46, 23.19s/it]
Bags processed:  66%|██████▌   | 407/615 [4:11:02<1:11:33, 20.64s/it]
Bags processed:  66%|██████▋   | 408/615 [4:11:29<1:18:19, 22.70s/it]
Bags processed:  67%|██████▋   | 409/615 [4:11:53<1:19:32, 23.17s/it]
Bags processed:  67%|██████▋   | 410/615 [4:12:04<1:06:12, 19.38s/it]
Bags processed:  67%|██████▋   | 411/615 [4:12:20<1:02:39, 18.43s/it]
Bags processed:  67%|██████▋   | 412/615 [4:13:02<1:26:40, 25.62s/it]
Bags processed:  67%|██████▋   | 413/615 [4:13:35<1:33:23, 27.74s/it]
Bags processed:  67%|██████▋   | 414/615 [4:14:06<1:35:44, 28.58s/it]
Bags processed:  67%|██████▋   | 415/615 [4:14:29<1:30:23, 27.12s/it]
Bags processed:  68%|██████▊   | 416/615 [4:14:43<1:16:49, 23.17s/it]
Bags processed:  68%|██████▊   | 417/615 [4:14:56<1:05:47, 19.94s/it]
Bags processed:  68%|██████▊   | 418/615 [4:15:18<1:07:17, 20.49s/it]
Bags processed:  68%|██████▊   | 419/615 [4:15:37<1:06:13, 20.27s/it]
Bags processed:  68%|██████▊   | 420/615 [4:15:52<1:00:45, 18.70s/it]
Bags processed:  68%|██████▊   | 421/615 [4:16:33<1:21:30, 25.21s/it]
Bags processed:  69%|██████▊   | 422/615 [4:17:25<1:47:05, 33.29s/it]
Bags processed:  69%|██████▉   | 423/615 [4:17:52<1:40:57, 31.55s/it]
Bags processed:  69%|██████▉   | 424/615 [4:18:25<1:41:54, 32.01s/it]
Bags processed:  69%|██████▉   | 425/615 [4:18:57<1:40:54, 31.86s/it]
Bags processed:  69%|██████▉   | 426/615 [4:19:10<1:22:28, 26.18s/it]
Bags processed:  69%|██████▉   | 427/615 [4:19:24<1:10:20, 22.45s/it]
Bags processed:  70%|██████▉   | 428/615 [4:19:32<56:30, 18.13s/it]  
Bags processed:  70%|██████▉   | 429/615 [4:19:52<58:16, 18.80s/it]
Bags processed:  70%|██████▉   | 430/615 [4:20:18<1:04:42, 20.99s/it]
Bags processed:  70%|███████   | 431/615 [4:20:40<1:05:38, 21.40s/it]
Bags processed:  70%|███████   | 432/615 [4:21:22<1:23:21, 27.33s/it]
Bags processed:  70%|███████   | 433/615 [4:23:21<2:46:32, 54.90s/it]
Bags processed:  71%|███████   | 434/615 [4:23:35<2:08:35, 42.63s/it]
Bags processed:  71%|███████   | 435/615 [4:24:26<2:15:11, 45.06s/it]
Bags processed:  71%|███████   | 436/615 [4:25:01<2:06:10, 42.29s/it]
Bags processed:  71%|███████   | 437/615 [4:26:21<2:38:31, 53.43s/it]
Bags processed:  71%|███████   | 438/615 [4:26:42<2:09:00, 43.73s/it]
Bags processed:  71%|███████▏  | 439/615 [4:28:06<2:44:04, 55.94s/it]
Bags processed:  72%|███████▏  | 440/615 [4:28:53<2:35:22, 53.27s/it]
Bags processed:  72%|███████▏  | 441/615 [4:29:31<2:21:10, 48.68s/it]
Bags processed:  72%|███████▏  | 442/615 [4:30:08<2:09:41, 44.98s/it]
Bags processed:  72%|███████▏  | 443/615 [4:30:53<2:09:23, 45.14s/it]
Bags processed:  72%|███████▏  | 444/615 [4:31:27<1:58:49, 41.69s/it]
Bags processed:  72%|███████▏  | 445/615 [4:31:58<1:49:15, 38.56s/it]
Bags processed:  73%|███████▎  | 446/615 [4:32:08<1:24:33, 30.02s/it]
Bags processed:  73%|███████▎  | 447/615 [4:32:17<1:06:31, 23.76s/it]
Bags processed:  73%|███████▎  | 448/615 [4:32:55<1:17:47, 27.95s/it]
Bags processed:  73%|███████▎  | 449/615 [4:33:10<1:06:34, 24.06s/it]
Bags processed:  73%|███████▎  | 450/615 [4:33:19<53:23, 19.41s/it]  
Bags processed:  73%|███████▎  | 451/615 [4:33:31<47:02, 17.21s/it]
Bags processed:  73%|███████▎  | 452/615 [4:33:55<52:07, 19.18s/it]
Bags processed:  74%|███████▎  | 453/615 [4:34:17<54:34, 20.21s/it]
Bags processed:  74%|███████▍  | 454/615 [4:34:41<57:22, 21.38s/it]
Bags processed:  74%|███████▍  | 455/615 [4:34:52<48:30, 18.19s/it]
Bags processed:  74%|███████▍  | 456/615 [4:36:19<1:42:59, 38.87s/it]
Bags processed:  74%|███████▍  | 457/615 [4:36:35<1:24:20, 32.03s/it]
Bags processed:  74%|███████▍  | 458/615 [4:38:16<2:17:46, 52.65s/it]
Bags processed:  75%|███████▍  | 459/615 [4:38:18<1:37:32, 37.51s/it]
Bags processed:  75%|███████▍  | 460/615 [4:38:28<1:15:49, 29.35s/it]
Bags processed:  75%|███████▍  | 461/615 [4:39:09<1:23:54, 32.69s/it]
Bags processed:  75%|███████▌  | 462/615 [4:39:51<1:30:27, 35.47s/it]
Bags processed:  75%|███████▌  | 463/615 [4:40:28<1:31:01, 35.93s/it]
Bags processed:  75%|███████▌  | 464/615 [4:40:59<1:26:43, 34.46s/it]
Bags processed:  76%|███████▌  | 465/615 [4:41:20<1:16:16, 30.51s/it]
Bags processed:  76%|███████▌  | 466/615 [4:41:35<1:04:15, 25.88s/it]
Bags processed:  76%|███████▌  | 467/615 [4:42:02<1:04:21, 26.09s/it]
Bags processed:  76%|███████▌  | 468/615 [4:42:49<1:19:26, 32.43s/it]
Bags processed:  76%|███████▋  | 469/615 [4:43:11<1:11:26, 29.36s/it]
Bags processed:  76%|███████▋  | 470/615 [4:43:33<1:05:13, 26.99s/it]
Bags processed:  77%|███████▋  | 471/615 [4:44:15<1:15:45, 31.57s/it]
Bags processed:  77%|███████▋  | 472/615 [4:44:45<1:14:04, 31.08s/it]
Bags processed:  77%|███████▋  | 473/615 [4:45:45<1:33:53, 39.67s/it]
Bags processed:  77%|███████▋  | 474/615 [4:46:42<1:45:56, 45.08s/it]
Bags processed:  77%|███████▋  | 475/615 [4:47:21<1:40:22, 43.01s/it]
Bags processed:  77%|███████▋  | 476/615 [4:48:06<1:41:30, 43.82s/it]
Bags processed:  78%|███████▊  | 477/615 [4:49:02<1:49:17, 47.51s/it]
Bags processed:  78%|███████▊  | 478/615 [4:49:33<1:37:11, 42.56s/it]
Bags processed:  78%|███████▊  | 479/615 [4:50:00<1:25:21, 37.66s/it]
Bags processed:  78%|███████▊  | 480/615 [4:50:22<1:14:14, 33.00s/it]
Bags processed:  78%|███████▊  | 481/615 [4:51:00<1:17:29, 34.70s/it]
Bags processed:  78%|███████▊  | 482/615 [4:51:19<1:06:03, 29.80s/it]
Bags processed:  79%|███████▊  | 483/615 [4:51:51<1:07:01, 30.46s/it]
Bags processed:  79%|███████▊  | 484/615 [4:52:12<1:00:34, 27.74s/it]
Bags processed:  79%|███████▉  | 485/615 [4:52:44<1:02:51, 29.01s/it]
Bags processed:  79%|███████▉  | 486/615 [4:53:17<1:04:41, 30.09s/it]
Bags processed:  79%|███████▉  | 487/615 [4:53:56<1:10:11, 32.90s/it]
Bags processed:  79%|███████▉  | 488/615 [4:54:41<1:17:08, 36.45s/it]
Bags processed:  80%|███████▉  | 489/615 [4:55:12<1:13:14, 34.87s/it]
Bags processed:  80%|███████▉  | 490/615 [4:55:41<1:08:59, 33.12s/it]
Bags processed:  80%|███████▉  | 491/615 [4:56:45<1:27:43, 42.45s/it]
Bags processed:  80%|████████  | 492/615 [4:57:36<1:32:18, 45.03s/it]
Bags processed:  80%|████████  | 493/615 [4:58:50<1:49:06, 53.66s/it]
Bags processed:  80%|████████  | 494/615 [4:59:40<1:45:55, 52.53s/it]
Bags processed:  80%|████████  | 495/615 [5:01:13<2:09:08, 64.57s/it]
Bags processed:  81%|████████  | 496/615 [5:02:18<2:08:38, 64.86s/it]
Bags processed:  81%|████████  | 497/615 [5:02:36<1:39:49, 50.76s/it]
Bags processed:  81%|████████  | 498/615 [5:03:05<1:25:52, 44.04s/it]
Bags processed:  81%|████████  | 499/615 [5:03:30<1:14:13, 38.39s/it]
Bags processed:  81%|████████▏ | 500/615 [5:04:25<1:23:15, 43.44s/it]
Bags processed:  81%|████████▏ | 501/615 [5:04:45<1:09:17, 36.47s/it]
Bags processed:  82%|████████▏ | 502/615 [5:05:48<1:23:38, 44.41s/it]
Bags processed:  82%|████████▏ | 503/615 [5:06:14<1:12:29, 38.84s/it]
Bags processed:  82%|████████▏ | 504/615 [5:06:21<54:22, 29.39s/it]  
Bags processed:  82%|████████▏ | 505/615 [5:07:36<1:19:00, 43.10s/it]
Bags processed:  82%|████████▏ | 506/615 [5:08:11<1:13:31, 40.47s/it]
Bags processed:  82%|████████▏ | 507/615 [5:08:25<58:56, 32.74s/it]  
Bags processed:  83%|████████▎ | 508/615 [5:08:46<51:39, 28.97s/it]
Bags processed:  83%|████████▎ | 509/615 [5:09:24<56:01, 31.71s/it]
Bags processed:  83%|████████▎ | 510/615 [5:09:39<46:50, 26.77s/it]
Bags processed:  83%|████████▎ | 511/615 [5:10:51<1:09:54, 40.33s/it]
Bags processed:  83%|████████▎ | 512/615 [5:11:23<1:05:10, 37.96s/it]
Bags processed:  83%|████████▎ | 513/615 [5:11:34<50:35, 29.76s/it]  
Bags processed:  84%|████████▎ | 514/615 [5:11:43<39:41, 23.58s/it]
Bags processed:  84%|████████▎ | 515/615 [5:11:58<34:42, 20.83s/it]
Bags processed:  84%|████████▍ | 516/615 [5:12:17<33:31, 20.32s/it]
Bags processed:  84%|████████▍ | 517/615 [5:12:28<28:35, 17.51s/it]
Bags processed:  84%|████████▍ | 518/615 [5:12:41<26:26, 16.36s/it]
Bags processed:  84%|████████▍ | 519/615 [5:13:18<35:58, 22.48s/it]
Bags processed:  85%|████████▍ | 520/615 [5:13:56<43:02, 27.18s/it]
Bags processed:  85%|████████▍ | 521/615 [5:14:33<47:16, 30.18s/it]
Bags processed:  85%|████████▍ | 522/615 [5:14:49<39:48, 25.68s/it]
Bags processed:  85%|████████▌ | 523/615 [5:15:36<49:22, 32.20s/it]
Bags processed:  85%|████████▌ | 524/615 [5:16:04<46:43, 30.81s/it]
Bags processed:  85%|████████▌ | 525/615 [5:17:10<1:02:23, 41.60s/it]
Bags processed:  86%|████████▌ | 526/615 [5:18:58<1:30:59, 61.35s/it]
Bags processed:  86%|████████▌ | 527/615 [5:19:40<1:21:43, 55.72s/it]
Bags processed:  86%|████████▌ | 528/615 [5:20:24<1:15:41, 52.20s/it]
Bags processed:  86%|████████▌ | 529/615 [5:21:11<1:12:25, 50.53s/it]
Bags processed:  86%|████████▌ | 530/615 [5:21:30<58:21, 41.19s/it]  
Bags processed:  86%|████████▋ | 531/615 [5:21:52<49:28, 35.34s/it]
Bags processed:  87%|████████▋ | 532/615 [5:22:01<37:44, 27.28s/it]
Bags processed:  87%|████████▋ | 533/615 [5:22:26<36:39, 26.83s/it]
Bags processed:  87%|████████▋ | 534/615 [5:22:51<35:31, 26.31s/it]
Bags processed:  87%|████████▋ | 535/615 [5:23:03<29:16, 21.96s/it]
Bags processed:  87%|████████▋ | 536/615 [5:23:12<23:34, 17.91s/it]
Bags processed:  87%|████████▋ | 537/615 [5:23:43<28:23, 21.85s/it]
Bags processed:  87%|████████▋ | 538/615 [5:24:04<27:41, 21.58s/it]
Bags processed:  88%|████████▊ | 539/615 [5:24:13<22:51, 18.05s/it]
Bags processed:  88%|████████▊ | 540/615 [5:24:36<24:25, 19.54s/it]
Bags processed:  88%|████████▊ | 541/615 [5:24:49<21:23, 17.34s/it]
Bags processed:  88%|████████▊ | 542/615 [5:25:08<21:44, 17.87s/it]
Bags processed:  88%|████████▊ | 543/615 [5:25:27<22:05, 18.41s/it]
Bags processed:  88%|████████▊ | 544/615 [5:25:39<19:21, 16.36s/it]
Bags processed:  89%|████████▊ | 545/615 [5:26:18<26:59, 23.14s/it]
Bags processed:  89%|████████▉ | 546/615 [5:26:46<28:13, 24.54s/it]
Bags processed:  89%|████████▉ | 547/615 [5:27:18<30:20, 26.77s/it]
Bags processed:  89%|████████▉ | 548/615 [5:27:28<24:28, 21.92s/it]
Bags processed:  89%|████████▉ | 549/615 [5:27:40<20:39, 18.79s/it]
Bags processed:  89%|████████▉ | 550/615 [5:28:29<30:15, 27.93s/it]
Bags processed:  90%|████████▉ | 551/615 [5:29:02<31:20, 29.39s/it]
Bags processed:  90%|████████▉ | 552/615 [5:29:28<29:54, 28.48s/it]
Bags processed:  90%|████████▉ | 553/615 [5:30:05<32:02, 31.01s/it]
Bags processed:  90%|█████████ | 554/615 [5:31:07<40:56, 40.26s/it]
Bags processed:  90%|█████████ | 555/615 [5:32:06<45:42, 45.72s/it]
Bags processed:  90%|█████████ | 556/615 [5:32:48<44:06, 44.86s/it]
Bags processed:  91%|█████████ | 557/615 [5:32:57<32:48, 33.94s/it]
Bags processed:  91%|█████████ | 558/615 [5:33:23<29:54, 31.48s/it]
Bags processed:  91%|█████████ | 559/615 [5:33:37<24:28, 26.22s/it]
Bags processed:  91%|█████████ | 560/615 [5:35:09<42:16, 46.12s/it]
Bags processed:  91%|█████████ | 561/615 [5:36:12<45:55, 51.03s/it]
Bags processed:  91%|█████████▏| 562/615 [5:36:35<37:49, 42.82s/it]
Bags processed:  92%|█████████▏| 563/615 [5:37:03<33:06, 38.20s/it]
Bags processed:  92%|█████████▏| 564/615 [5:37:08<24:07, 28.38s/it]
Bags processed:  92%|█████████▏| 565/615 [5:37:49<26:46, 32.14s/it]
Bags processed:  92%|█████████▏| 566/615 [5:38:14<24:28, 29.96s/it]
Bags processed:  92%|█████████▏| 567/615 [5:38:54<26:23, 32.99s/it]
Bags processed:  92%|█████████▏| 568/615 [5:39:36<28:04, 35.85s/it]
Bags processed:  93%|█████████▎| 569/615 [5:40:01<24:52, 32.45s/it]
Bags processed:  93%|█████████▎| 570/615 [5:40:52<28:28, 37.97s/it]
Bags processed:  93%|█████████▎| 571/615 [5:41:17<25:06, 34.24s/it]
Bags processed:  93%|█████████▎| 572/615 [5:41:40<22:08, 30.90s/it]
Bags processed:  93%|█████████▎| 573/615 [5:42:18<23:03, 32.94s/it]
Bags processed:  93%|█████████▎| 574/615 [5:43:05<25:15, 36.97s/it]
Bags processed:  93%|█████████▎| 575/615 [5:43:15<19:15, 28.89s/it]
Bags processed:  94%|█████████▎| 576/615 [5:43:39<17:53, 27.53s/it]
Bags processed:  94%|█████████▍| 577/615 [5:43:50<14:21, 22.66s/it]
Bags processed:  94%|█████████▍| 578/615 [5:44:09<13:14, 21.48s/it]
Bags processed:  94%|█████████▍| 579/615 [5:44:38<14:12, 23.68s/it]
Bags processed:  94%|█████████▍| 580/615 [5:45:15<16:10, 27.73s/it]
Bags processed:  94%|█████████▍| 581/615 [5:45:31<13:45, 24.29s/it]
Bags processed:  95%|█████████▍| 582/615 [5:45:34<09:52, 17.97s/it]
Bags processed:  95%|█████████▍| 583/615 [5:46:19<13:50, 25.94s/it]
Bags processed:  95%|█████████▍| 584/615 [5:46:42<12:59, 25.15s/it]
Bags processed:  95%|█████████▌| 585/615 [5:46:45<09:11, 18.38s/it]
Bags processed:  95%|█████████▌| 586/615 [5:47:04<08:59, 18.61s/it]
Bags processed:  95%|█████████▌| 587/615 [5:47:41<11:17, 24.18s/it]
Bags processed:  96%|█████████▌| 588/615 [5:48:23<13:11, 29.32s/it]
Bags processed:  96%|█████████▌| 589/615 [5:49:09<14:52, 34.33s/it]
Bags processed:  96%|█████████▌| 590/615 [5:49:25<12:07, 29.11s/it]
Bags processed:  96%|█████████▌| 591/615 [5:49:55<11:43, 29.32s/it]
Bags processed:  96%|█████████▋| 592/615 [5:50:00<08:24, 21.93s/it]
Bags processed:  96%|█████████▋| 593/615 [5:50:54<11:37, 31.68s/it]
Bags processed:  97%|█████████▋| 594/615 [5:51:36<12:06, 34.60s/it]
Bags processed:  97%|█████████▋| 595/615 [5:53:15<18:02, 54.10s/it]
Bags processed:  97%|█████████▋| 596/615 [5:54:07<16:54, 53.38s/it]
Bags processed:  97%|█████████▋| 597/615 [5:56:07<21:57, 73.20s/it]
Bags processed:  97%|█████████▋| 598/615 [5:56:42<17:32, 61.93s/it]
Bags processed:  97%|█████████▋| 599/615 [5:57:04<13:18, 49.91s/it]
Bags processed:  98%|█████████▊| 600/615 [5:57:14<09:30, 38.01s/it]
Bags processed:  98%|█████████▊| 601/615 [5:57:29<07:15, 31.09s/it]
Bags processed:  98%|█████████▊| 602/615 [5:58:30<08:40, 40.07s/it]
Bags processed:  98%|█████████▊| 603/615 [5:59:20<08:36, 43.04s/it]
Bags processed:  98%|█████████▊| 604/615 [6:00:22<08:54, 48.63s/it]
Bags processed:  98%|█████████▊| 605/615 [6:01:04<07:47, 46.70s/it]
Bags processed:  99%|█████████▊| 606/615 [6:01:11<05:11, 34.66s/it]
Bags processed:  99%|█████████▊| 607/615 [6:02:07<05:29, 41.14s/it]
Bags processed:  99%|█████████▉| 608/615 [6:02:27<04:04, 34.91s/it]
Bags processed:  99%|█████████▉| 609/615 [6:03:12<03:47, 37.91s/it]
Bags processed:  99%|█████████▉| 610/615 [6:04:15<03:46, 45.27s/it]
Bags processed:  99%|█████████▉| 611/615 [6:04:31<02:26, 36.66s/it]
Bags processed: 100%|█████████▉| 612/615 [6:05:05<01:47, 35.88s/it]
Bags processed: 100%|█████████▉| 613/615 [6:05:32<01:06, 33.04s/it]
Bags processed: 100%|█████████▉| 614/615 [6:05:49<00:28, 28.43s/it]
Bags processed: 100%|██████████| 615/615 [6:06:10<00:00, 26.02s/it]
Bags processed: 100%|██████████| 615/615 [6:06:10<00:00, 35.72s/it]
FINISHED PROCESSING TARTAN_DRIVE DATASET
